Mapbox Test Unity Project/build/outputs/logs/manifest-merger-debug-report.txt
-- Merging decision tree log ---
manifest
ADDED from src\main\AndroidManifest.xml:2:1-31:12
INJECTED from src\main\AndroidManifest.xml:2:1-31:12
INJECTED from src\main\AndroidManifest.xml:2:1-31:12
INJECTED from src\main\AndroidManifest.xml:2:1-31:12
MERGED from [:animated-vector-drawable-25.1.0:] AndroidManifest.xml:17:1-24:12
MERGED from [:appcompat-v7-25.1.0:] AndroidManifest.xml:17:1-27:12
MERGED from [:arcore_client:] AndroidManifest.xml:17:1-44:12
MERGED from [:com.mapbox.android.unity-debug:] AndroidManifest.xml:2:1-18:12
MERGED from [:google_ar_required:] AndroidManifest.xml:2:1-10:12
MERGED from [:libcore-release:] AndroidManifest.xml:2:1-14:12
MERGED from [:libtelemetry-full-release:] AndroidManifest.xml:2:1-24:12
MERGED from [:support-compat-25.1.0:] AndroidManifest.xml:17:1-27:12
MERGED from [:support-core-ui-25.1.0:] AndroidManifest.xml:17:1-27:12
MERGED from [:support-core-utils-25.1.0:] AndroidManifest.xml:17:1-27:12
MERGED from [:support-media-compat-25.1.0:] AndroidManifest.xml:17:1-27:12
MERGED from [:support-v4-25.1.0:] AndroidManifest.xml:17:1-27:12
MERGED from [:support-vector-drawable-25.1.0:] AndroidManifest.xml:17:1-25:12
MERGED from [:unityandroidpermissions:] AndroidManifest.xml:6:1-15:12
MERGED from [:unitygar:] AndroidManifest.xml:2:1-11:12
INJECTED from src\main\AndroidManifest.xml:2:1-31:12
INJECTED from src\main\AndroidManifest.xml:2:1-31:12
INJECTED from src\main\AndroidManifest.xml:2:1-31:12
	package
		ADDED from src\main\AndroidManifest.xml:2:70-121
		INJECTED from src\main\AndroidManifest.xml
		INJECTED from src\main\AndroidManifest.xml
	android:versionName
		INJECTED from src\main\AndroidManifest.xml
		ADDED from src\main\AndroidManifest.xml:2:1-31:12
		INJECTED from src\main\AndroidManifest.xml
	xmlns:tools
		ADDED from src\main\AndroidManifest.xml:2:122-168
	android:versionCode
		INJECTED from src\main\AndroidManifest.xml
		ADDED from src\main\AndroidManifest.xml:2:1-31:12
		INJECTED from src\main\AndroidManifest.xml
	xmlns:android
		ADDED from src\main\AndroidManifest.xml:2:11-69
	android:installLocation
		ADDED from src\main\AndroidManifest.xml:2:169-209
supports-screens
ADDED from src\main\AndroidManifest.xml:3:3-163
	android:largeScreens
		ADDED from src\main\AndroidManifest.xml:3:78-105
	android:smallScreens
		ADDED from src\main\AndroidManifest.xml:3:21-48
	android:normalScreens
		ADDED from src\main\AndroidManifest.xml:3:49-77
	android:xlargeScreens
		ADDED from src\main\AndroidManifest.xml:3:106-134
	android:anyDensity
		ADDED from src\main\AndroidManifest.xml:3:135-160
application
ADDED from src\main\AndroidManifest.xml:4:3-19:17
MERGED from [:animated-vector-drawable-25.1.0:] AndroidManifest.xml:22:5-20
MERGED from [:animated-vector-drawable-25.1.0:] AndroidManifest.xml:22:5-20
MERGED from [:appcompat-v7-25.1.0:] AndroidManifest.xml:25:5-20
MERGED from [:appcompat-v7-25.1.0:] AndroidManifest.xml:25:5-20
MERGED from [:arcore_client:] AndroidManifest.xml:28:5-42:19
MERGED from [:arcore_client:] AndroidManifest.xml:28:5-42:19
MERGED from [:google_ar_required:] AndroidManifest.xml:6:5-8:19
MERGED from [:google_ar_required:] AndroidManifest.xml:6:5-8:19
MERGED from [:libtelemetry-full-release:] AndroidManifest.xml:16:5-22:19
MERGED from [:libtelemetry-full-release:] AndroidManifest.xml:16:5-22:19
MERGED from [:support-compat-25.1.0:] AndroidManifest.xml:25:5-20
MERGED from [:support-compat-25.1.0:] AndroidManifest.xml:25:5-20
MERGED from [:support-core-ui-25.1.0:] AndroidManifest.xml:25:5-20
MERGED from [:support-core-ui-25.1.0:] AndroidManifest.xml:25:5-20
MERGED from [:support-core-utils-25.1.0:] AndroidManifest.xml:25:5-20
MERGED from [:support-core-utils-25.1.0:] AndroidManifest.xml:25:5-20
MERGED from [:support-media-compat-25.1.0:] AndroidManifest.xml:25:5-20
MERGED from [:support-media-compat-25.1.0:] AndroidManifest.xml:25:5-20
MERGED from [:support-v4-25.1.0:] AndroidManifest.xml:25:5-20
MERGED from [:support-v4-25.1.0:] AndroidManifest.xml:25:5-20
MERGED from [:support-vector-drawable-25.1.0:] AndroidManifest.xml:23:5-20
MERGED from [:support-vector-drawable-25.1.0:] AndroidManifest.xml:23:5-20
	android:label
		ADDED from src\main\AndroidManifest.xml:4:90-122
	android:icon
		ADDED from src\main\AndroidManifest.xml:4:58-89
	android:theme
		ADDED from src\main\AndroidManifest.xml:4:16-57
activity#com.DefaultCompany.MapboxTestUnityProject.UnityPlayerActivity
ADDED from src\main\AndroidManifest.xml:5:5-12:16
	android:screenOrientation
		ADDED from src\main\AndroidManifest.xml:5:48-86
	android:label
		ADDED from src\main\AndroidManifest.xml:5:15-47
	android:launchMode
		ADDED from src\main\AndroidManifest.xml:5:87-118
	android:hardwareAccelerated
		ADDED from src\main\AndroidManifest.xml:5:301-336
	android:configChanges
		ADDED from src\main\AndroidManifest.xml:5:119-300
	android:name
		ADDED from src\main\AndroidManifest.xml:5:337-413
intent-filter#action:name:android.intent.action.MAIN+category:name:android.intent.category.LAUNCHER
ADDED from src\main\AndroidManifest.xml:6:7-9:23
action#android.intent.action.MAIN
ADDED from src\main\AndroidManifest.xml:7:9-61
	android:name
		ADDED from src\main\AndroidManifest.xml:7:17-58
category#android.intent.category.LAUNCHER
ADDED from src\main\AndroidManifest.xml:8:9-69
	android:name
		ADDED from src\main\AndroidManifest.xml:8:19-66
meta-data#unityplayer.UnityActivity
ADDED from src\main\AndroidManifest.xml:10:7-82
	android:value
		ADDED from src\main\AndroidManifest.xml:10:59-79
	android:name
		ADDED from src\main\AndroidManifest.xml:10:18-58
meta-data#android.notch_support
ADDED from src\main\AndroidManifest.xml:11:7-78
	android:value
		ADDED from src\main\AndroidManifest.xml:11:55-75
	android:name
		ADDED from src\main\AndroidManifest.xml:11:18-54
meta-data#unity.tango-enable
ADDED from src\main\AndroidManifest.xml:13:5-73
	android:value
		ADDED from src\main\AndroidManifest.xml:13:50-70
	android:name
		ADDED from src\main\AndroidManifest.xml:13:16-49
meta-data#unityplayer.SkipPermissionsDialog
ADDED from src\main\AndroidManifest.xml:14:5-88
	android:value
		ADDED from src\main\AndroidManifest.xml:14:65-85
	android:name
		ADDED from src\main\AndroidManifest.xml:14:16-64
meta-data#unity.build-id
ADDED from src\main\AndroidManifest.xml:15:5-101
	android:value
		ADDED from src\main\AndroidManifest.xml:15:46-98
	android:name
		ADDED from src\main\AndroidManifest.xml:15:16-45
meta-data#unity.splash-mode
ADDED from src\main\AndroidManifest.xml:16:5-69
	android:value
		ADDED from src\main\AndroidManifest.xml:16:49-66
	android:name
		ADDED from src\main\AndroidManifest.xml:16:16-48
meta-data#unity.splash-enable
ADDED from src\main\AndroidManifest.xml:17:5-74
	android:value
		ADDED from src\main\AndroidManifest.xml:17:51-71
	android:name
		ADDED from src\main\AndroidManifest.xml:17:16-50
meta-data#notch.config
ADDED from src\main\AndroidManifest.xml:18:5-81
	android:value
		ADDED from src\main\AndroidManifest.xml:18:44-78
	android:name
		ADDED from src\main\AndroidManifest.xml:18:16-43
uses-feature#0x00020000
ADDED from src\main\AndroidManifest.xml:20:3-52
	android:glEsVersion
		ADDED from src\main\AndroidManifest.xml:20:17-49
uses-permission#android.permission.CAMERA
ADDED from src\main\AndroidManifest.xml:21:3-63
	android:name
		ADDED from src\main\AndroidManifest.xml:21:20-60
uses-permission#android.permission.INTERNET
ADDED from src\main\AndroidManifest.xml:22:3-65
MERGED from [:libtelemetry-full-release:] AndroidManifest.xml:14:5-67
MERGED from [:libtelemetry-full-release:] AndroidManifest.xml:14:5-67
	android:name
		ADDED from src\main\AndroidManifest.xml:22:20-62
uses-permission#android.permission.ACCESS_FINE_LOCATION
ADDED from src\main\AndroidManifest.xml:23:3-77
MERGED from [:com.mapbox.android.unity-debug:] AndroidManifest.xml:11:5-79
MERGED from [:com.mapbox.android.unity-debug:] AndroidManifest.xml:11:5-79
MERGED from [:libcore-release:] AndroidManifest.xml:11:5-79
MERGED from [:libcore-release:] AndroidManifest.xml:11:5-79
MERGED from [:libtelemetry-full-release:] AndroidManifest.xml:11:5-79
MERGED from [:libtelemetry-full-release:] AndroidManifest.xml:11:5-79
	android:name
		ADDED from src\main\AndroidManifest.xml:23:20-74
uses-feature#android.hardware.location.gps
ADDED from src\main\AndroidManifest.xml:24:3-89
MERGED from [:com.mapbox.android.unity-debug:] AndroidManifest.xml:14:5-16:35
MERGED from [:com.mapbox.android.unity-debug:] AndroidManifest.xml:14:5-16:35
	android:required
		ADDED from src\main\AndroidManifest.xml:24:62-86
	android:name
		ADDED from src\main\AndroidManifest.xml:24:17-61
uses-feature#android.hardware.location
ADDED from src\main\AndroidManifest.xml:25:3-85
	android:required
		ADDED from src\main\AndroidManifest.xml:25:58-82
	android:name
		ADDED from src\main\AndroidManifest.xml:25:17-57
uses-permission#android.permission.WRITE_EXTERNAL_STORAGE
ADDED from src\main\AndroidManifest.xml:26:3-106
	android:maxSdkVersion
		ADDED from src\main\AndroidManifest.xml:26:77-103
	android:name
		ADDED from src\main\AndroidManifest.xml:26:20-76
uses-permission#android.permission.READ_EXTERNAL_STORAGE
ADDED from src\main\AndroidManifest.xml:27:3-105
	android:maxSdkVersion
		ADDED from src\main\AndroidManifest.xml:27:76-102
	android:name
		ADDED from src\main\AndroidManifest.xml:27:20-75
uses-feature#android.hardware.touchscreen
ADDED from src\main\AndroidManifest.xml:28:3-88
	android:required
		ADDED from src\main\AndroidManifest.xml:28:61-85
	android:name
		ADDED from src\main\AndroidManifest.xml:28:17-60
uses-feature#android.hardware.touchscreen.multitouch
ADDED from src\main\AndroidManifest.xml:29:3-99
	android:required
		ADDED from src\main\AndroidManifest.xml:29:72-96
	android:name
		ADDED from src\main\AndroidManifest.xml:29:17-71
uses-feature#android.hardware.touchscreen.multitouch.distinct
ADDED from src\main\AndroidManifest.xml:30:3-108
	android:required
		ADDED from src\main\AndroidManifest.xml:30:81-105
	android:name
		ADDED from src\main\AndroidManifest.xml:30:17-80
uses-sdk
INJECTED from src\main\AndroidManifest.xml reason: use-sdk injection requested
INJECTED from src\main\AndroidManifest.xml
INJECTED from src\main\AndroidManifest.xml
MERGED from [:animated-vector-drawable-25.1.0:] AndroidManifest.xml:20:5-44
MERGED from [:animated-vector-drawable-25.1.0:] AndroidManifest.xml:20:5-44
MERGED from [:appcompat-v7-25.1.0:] AndroidManifest.xml:21:5-23:78
MERGED from [:appcompat-v7-25.1.0:] AndroidManifest.xml:21:5-23:78
MERGED from [:arcore_client:] AndroidManifest.xml:25:5-44
MERGED from [:arcore_client:] AndroidManifest.xml:25:5-44
MERGED from [:arcore_client:] AndroidManifest.xml:26:5-47
MERGED from [:arcore_client:] AndroidManifest.xml:26:5-47
MERGED from [:com.mapbox.android.unity-debug:] AndroidManifest.xml:7:5-9:41
MERGED from [:com.mapbox.android.unity-debug:] AndroidManifest.xml:7:5-9:41
MERGED from [:libcore-release:] AndroidManifest.xml:7:5-9:41
MERGED from [:libcore-release:] AndroidManifest.xml:7:5-9:41
MERGED from [:libtelemetry-full-release:] AndroidManifest.xml:7:5-9:41
MERGED from [:libtelemetry-full-release:] AndroidManifest.xml:7:5-9:41
MERGED from [:support-compat-25.1.0:] AndroidManifest.xml:21:5-23:58
MERGED from [:support-compat-25.1.0:] AndroidManifest.xml:21:5-23:58
MERGED from [:support-core-ui-25.1.0:] AndroidManifest.xml:21:5-23:58
MERGED from [:support-core-ui-25.1.0:] AndroidManifest.xml:21:5-23:58
MERGED from [:support-core-utils-25.1.0:] AndroidManifest.xml:21:5-23:61
MERGED from [:support-core-utils-25.1.0:] AndroidManifest.xml:21:5-23:61
MERGED from [:support-media-compat-25.1.0:] AndroidManifest.xml:21:5-23:63
MERGED from [:support-media-compat-25.1.0:] AndroidManifest.xml:21:5-23:63
MERGED from [:support-v4-25.1.0:] AndroidManifest.xml:21:5-23:54
MERGED from [:support-v4-25.1.0:] AndroidManifest.xml:21:5-23:54
MERGED from [:support-vector-drawable-25.1.0:] AndroidManifest.xml:21:5-43
MERGED from [:support-vector-drawable-25.1.0:] AndroidManifest.xml:21:5-43
MERGED from [:unityandroidpermissions:] AndroidManifest.xml:11:5-13:41
MERGED from [:unityandroidpermissions:] AndroidManifest.xml:11:5-13:41
MERGED from [:unitygar:] AndroidManifest.xml:7:5-9:41
MERGED from [:unitygar:] AndroidManifest.xml:7:5-9:41
INJECTED from src\main\AndroidManifest.xml
INJECTED from src\main\AndroidManifest.xml
	tools:overrideLibrary
		ADDED from [:appcompat-v7-25.1.0:] AndroidManifest.xml:23:9-75
	android:targetSdkVersion
		INJECTED from src\main\AndroidManifest.xml
		ADDED from src\main\AndroidManifest.xml
		INJECTED from src\main\AndroidManifest.xml
	android:minSdkVersion
		INJECTED from src\main\AndroidManifest.xml
		ADDED from src\main\AndroidManifest.xml
		MERGED from src\main\AndroidManifest.xml
		INJECTED from src\main\AndroidManifest.xml
activity#com.google.ar.core.InstallActivity
ADDED from [:arcore_client:] AndroidManifest.xml:31:9-37:80
	android:excludeFromRecents
		ADDED from [:arcore_client:] AndroidManifest.xml:34:13-46
	android:launchMode
		ADDED from [:arcore_client:] AndroidManifest.xml:36:13-43
	android:exported
		ADDED from [:arcore_client:] AndroidManifest.xml:35:13-37
	android:configChanges
		ADDED from [:arcore_client:] AndroidManifest.xml:33:13-74
	android:theme
		ADDED from [:arcore_client:] AndroidManifest.xml:37:13-77
	android:name
		ADDED from [:arcore_client:] AndroidManifest.xml:32:13-62
meta-data#com.google.ar.core.min_apk_version
ADDED from [:arcore_client:] AndroidManifest.xml:39:9-41:41
	android:value
		ADDED from [:arcore_client:] AndroidManifest.xml:41:13-38
	android:name
		ADDED from [:arcore_client:] AndroidManifest.xml:40:13-62
uses-permission#android.permission.ACCESS_COARSE_LOCATION
ADDED from [:com.mapbox.android.unity-debug:] AndroidManifest.xml:12:5-81
	android:name
		ADDED from [:com.mapbox.android.unity-debug:] AndroidManifest.xml:12:22-78
meta-data#com.google.ar.core
ADDED from [:google_ar_required:] AndroidManifest.xml:7:9-81
	android:value
		ADDED from [:google_ar_required:] AndroidManifest.xml:7:54-78
	android:name
		ADDED from [:google_ar_required:] AndroidManifest.xml:7:20-53
uses-feature#android.hardware.camera.ar
ADDED from [:google_ar_required:] AndroidManifest.xml:9:5-86
	android:required
		ADDED from [:google_ar_required:] AndroidManifest.xml:9:61-84
	android:name
		ADDED from [:google_ar_required:] AndroidManifest.xml:9:19-60
uses-permission#android.permission.READ_PHONE_STATE
IMPLIED from src\main\AndroidManifest.xml:2:1-31:12 reason: com.google.ar.core.unity.manifestsettings has a targetSdkVersion < 4
uses-permission#android.permission.ACCESS_NETWORK_STATE
ADDED from [:libcore-release:] AndroidManifest.xml:12:5-79
MERGED from [:libtelemetry-full-release:] AndroidManifest.xml:12:5-79
MERGED from [:libtelemetry-full-release:] AndroidManifest.xml:12:5-79
	android:name
		ADDED from [:libcore-release:] AndroidManifest.xml:12:22-76
uses-permission#android.permission.ACCESS_WIFI_STATE
ADDED from [:libtelemetry-full-release:] AndroidManifest.xml:13:5-76
	android:name
		ADDED from [:libtelemetry-full-release:] AndroidManifest.xml:13:22-73
provider#com.mapbox.android.telemetry.provider.MapboxTelemetryInitProvider
ADDED from [:libtelemetry-full-release:] AndroidManifest.xml:17:9-21:39
	android:authorities
		ADDED from [:libtelemetry-full-release:] AndroidManifest.xml:19:13-79
	android:exported
		ADDED from [:libtelemetry-full-release:] AndroidManifest.xml:20:13-37
	android:initOrder
		ADDED from [:libtelemetry-full-release:] AndroidManifest.xml:21:13-36
	android:name
		ADDED from [:libtelemetry-full-release:] AndroidManifest.xml:18:13-93